<?xml version="1.0" encoding="UTF-8"?>
<testng-results skipped="0" failed="0" total="1" passed="1">
  <reporter-output>
  </reporter-output>
  <suite name="Default suite" duration-ms="152227" started-at="2019-09-21T10:01:46Z" finished-at="2019-09-21T10:04:18Z">
    <groups>
    </groups>
    <test name="Default test" duration-ms="152227" started-at="2019-09-21T10:01:46Z" finished-at="2019-09-21T10:04:18Z">
      <class name="guru.qa.TestCases.CreateCustomerTest">
        <test-method status="PASS" signature="setUp()[pri:0, instance:guru.qa.TestCases.CreateCustomerTest@b684286]" name="setUp" is-config="true" duration-ms="81633" started-at="2019-09-21T15:31:46Z" finished-at="2019-09-21T15:33:07Z">
          <reporter-output>
          </reporter-output>
        </test-method> <!-- setUp -->
        <test-method status="PASS" signature="verifyCreateCustomer()[pri:0, instance:guru.qa.TestCases.CreateCustomerTest@b684286]" name="verifyCreateCustomer" duration-ms="69336" started-at="2019-09-21T15:33:07Z" finished-at="2019-09-21T15:34:17Z">
          <reporter-output>
          </reporter-output>
        </test-method> <!-- verifyCreateCustomer -->
        <test-method status="PASS" signature="tearDown()[pri:0, instance:guru.qa.TestCases.CreateCustomerTest@b684286]" name="tearDown" is-config="true" duration-ms="1219" started-at="2019-09-21T15:34:17Z" finished-at="2019-09-21T15:34:18Z">
          <reporter-output>
          </reporter-output>
        </test-method> <!-- tearDown -->
      </class> <!-- guru.qa.TestCases.CreateCustomerTest -->
    </test> <!-- Default test -->
  </suite> <!-- Default suite -->
</testng-results>
